<?xml version="1.0" encoding="utf-8"?>
<CoverageSession xmlns:xsd="http://www.w3.org/2001/XMLSchema" xmlns:xsi="http://www.w3.org/2001/XMLSchema-instance">
  <Summary numSequencePoints="77" visitedSequencePoints="77" numBranchPoints="40" visitedBranchPoints="38" sequenceCoverage="100" branchCoverage="95" maxCyclomaticComplexity="9" minCyclomaticComplexity="0" />
  <Modules>
    <Module skippedDueTo="Filter" hash="B5-D0-3C-D0-D3-0E-6D-9A-B0-27-ED-4B-C0-AC-D5-4F-18-84-56-AE">
      <FullName>C:\WINDOWS\Microsoft.Net\assembly\GAC_32\mscorlib\v4.0_4.0.0.0__b77a5c561934e089\mscorlib.dll</FullName>
      <ModuleName>mscorlib</ModuleName>
      <Classes />
    </Module>
    <Module skippedDueTo="Filter" hash="A9-93-86-B0-13-44-F7-CE-DF-88-D0-6B-AD-A6-A9-B1-6E-17-A2-49">
      <FullName>C:\Program Files (x86)\Microsoft Visual Studio 12.0\Common7\IDE\CommonExtensions\Microsoft\TestWindow\vstest.console.exe</FullName>
      <ModuleName>vstest.console</ModuleName>
      <Classes />
    </Module>
    <Module skippedDueTo="Filter" hash="CD-B3-17-56-CA-2B-DF-F1-86-B3-80-6C-CA-87-A1-BD-64-B6-30-0C">
      <FullName>C:\Program Files (x86)\Microsoft Visual Studio 12.0\Common7\IDE\CommonExtensions\Microsoft\TestWindow\Microsoft.VisualStudio.TestPlatform.ObjectModel.dll</FullName>
      <ModuleName>Microsoft.VisualStudio.TestPlatform.ObjectModel</ModuleName>
      <Classes />
    </Module>
    <Module skippedDueTo="Filter" hash="79-DD-49-29-A6-8C-BD-B2-DD-EB-1F-29-44-27-B0-62-83-FC-28-5B">
      <FullName>C:\WINDOWS\Microsoft.Net\assembly\GAC_MSIL\System\v4.0_4.0.0.0__b77a5c561934e089\System.dll</FullName>
      <ModuleName>System</ModuleName>
      <Classes />
    </Module>
    <Module skippedDueTo="Filter" hash="B6-60-CE-70-25-03-8E-12-F0-FF-EB-DA-C8-94-AA-A9-02-DE-71-07">
      <FullName>C:\WINDOWS\Microsoft.Net\assembly\GAC_MSIL\System.Configuration\v4.0_4.0.0.0__b03f5f7f11d50a3a\System.Configuration.dll</FullName>
      <ModuleName>System.Configuration</ModuleName>
      <Classes />
    </Module>
    <Module skippedDueTo="Filter" hash="C9-BC-DF-73-A0-25-04-46-0C-54-0E-8A-45-29-C8-24-C8-0D-43-0D">
      <FullName>C:\WINDOWS\Microsoft.Net\assembly\GAC_MSIL\System.Xml\v4.0_4.0.0.0__b77a5c561934e089\System.Xml.dll</FullName>
      <ModuleName>System.Xml</ModuleName>
      <Classes />
    </Module>
    <Module skippedDueTo="Filter" hash="67-DC-13-00-4E-3F-CA-F8-1F-EE-74-29-06-1A-04-06-D7-0D-79-5E">
      <FullName>C:\WINDOWS\Microsoft.Net\assembly\GAC_MSIL\System.ComponentModel.Composition\v4.0_4.0.0.0__b77a5c561934e089\System.ComponentModel.Composition.dll</FullName>
      <ModuleName>System.ComponentModel.Composition</ModuleName>
      <Classes />
    </Module>
    <Module skippedDueTo="Filter" hash="1D-4C-5A-E0-2F-C0-C3-3A-4E-2C-65-81-1A-A3-14-05-4F-49-BE-BD">
      <FullName>C:\Program Files (x86)\Microsoft Visual Studio 12.0\Common7\IDE\CommonExtensions\Microsoft\TestWindow\Microsoft.VisualStudio.TestPlatform.Common.dll</FullName>
      <ModuleName>Microsoft.VisualStudio.TestPlatform.Common</ModuleName>
      <Classes />
    </Module>
    <Module skippedDueTo="Filter" hash="43-0F-9E-14-71-13-7F-E2-26-11-26-04-62-4A-0E-92-1F-0F-04-20">
      <FullName>C:\WINDOWS\Microsoft.Net\assembly\GAC_MSIL\System.Core\v4.0_4.0.0.0__b77a5c561934e089\System.Core.dll</FullName>
      <ModuleName>System.Core</ModuleName>
      <Classes />
    </Module>
    <Module skippedDueTo="Filter" hash="48-F7-B8-99-73-35-32-72-AB-9E-2D-4B-02-B4-C1-56-2C-61-5E-8C">
      <FullName>C:\Program Files (x86)\Microsoft Visual Studio 12.0\Common7\IDE\CommonExtensions\Microsoft\TestWindow\Microsoft.VisualStudio.TestPlatform.Core.dll</FullName>
      <ModuleName>Microsoft.VisualStudio.TestPlatform.Core</ModuleName>
      <Classes />
    </Module>
    <Module skippedDueTo="Filter" hash="BC-AB-B8-B7-0B-33-D0-F8-A5-18-C6-FA-8A-AA-1F-8F-FC-93-03-06">
      <FullName>C:\Program Files (x86)\Microsoft Visual Studio 12.0\Common7\IDE\CommonExtensions\Microsoft\TestWindow\Microsoft.VisualStudio.TestPlatform.Utilities.dll</FullName>
      <ModuleName>Microsoft.VisualStudio.TestPlatform.Utilities</ModuleName>
      <Classes />
    </Module>
    <Module skippedDueTo="Filter" hash="E1-44-EF-4D-A0-E1-56-7D-57-78-41-69-0B-8C-34-58-CF-B2-A5-5A">
      <FullName>C:\Program Files (x86)\Microsoft Visual Studio 12.0\Common7\IDE\CommonExtensions\Microsoft\TestWindow\Microsoft.VisualStudio.TestPlatform.Client.dll</FullName>
      <ModuleName>Microsoft.VisualStudio.TestPlatform.Client</ModuleName>
      <Classes />
    </Module>
    <Module skippedDueTo="Filter" hash="C5-9B-F3-2B-EF-52-7B-E3-31-B8-32-A3-0D-24-8C-72-B4-0B-05-2A">
      <FullName>C:\WINDOWS\Microsoft.Net\assembly\GAC_MSIL\System.ServiceModel\v4.0_4.0.0.0__b77a5c561934e089\System.ServiceModel.dll</FullName>
      <ModuleName>System.ServiceModel</ModuleName>
      <Classes />
    </Module>
    <Module skippedDueTo="Filter" hash="F6-29-8B-2A-5B-7C-F6-3F-E0-47-31-3F-09-AD-2A-42-A4-C4-F3-B8">
      <FullName>C:\WINDOWS\Microsoft.Net\assembly\GAC_32\System.Transactions\v4.0_4.0.0.0__b77a5c561934e089\System.Transactions.dll</FullName>
      <ModuleName>System.Transactions</ModuleName>
      <Classes />
    </Module>
    <Module skippedDueTo="Filter" hash="">
      <FullName>RefEmit_InMemoryManifestModule</FullName>
      <ModuleName>MetadataViewProxies_763a466d-fb78-4edb-94ce-2cdcad4c4d74</ModuleName>
      <Classes />
    </Module>
    <Module skippedDueTo="Filter" hash="EC-EB-0C-B7-2A-06-A8-2E-67-58-FF-C7-30-AF-90-EA-DB-3F-D9-A5">
      <FullName>C:\WINDOWS\assembly\GAC_MSIL\Microsoft.VisualStudio.Diagnostics.Measurement\12.0.0.0__b03f5f7f11d50a3a\Microsoft.VisualStudio.Diagnostics.Measurement.dll</FullName>
      <ModuleName>Microsoft.VisualStudio.Diagnostics.Measurement</ModuleName>
      <Classes />
    </Module>
    <Module skippedDueTo="Filter" hash="2A-AF-F1-4F-17-70-38-B9-47-C0-95-72-84-97-C5-49-91-16-5D-53">
      <FullName>C:\Program Files (x86)\Microsoft Visual Studio 12.0\Common7\IDE\CommonExtensions\Microsoft\TestWindow\Extensions\Microsoft.VisualStudio.TestPlatform.Extensions.dll</FullName>
      <ModuleName>Microsoft.VisualStudio.TestPlatform.Extensions</ModuleName>
      <Classes />
    </Module>
    <Module skippedDueTo="Filter" hash="F2-34-EF-81-79-DD-A6-D2-29-6B-7E-06-E2-9C-42-7F-EE-73-FD-46">
      <FullName>C:\Program Files (x86)\Microsoft Visual Studio 12.0\Common7\IDE\CommonExtensions\Microsoft\TestWindow\Extensions\Microsoft.VisualStudio.TestPlatform.Extensions.GenericTestAdapter.dll</FullName>
      <ModuleName>Microsoft.VisualStudio.TestPlatform.Extensions.GenericTestAdapter</ModuleName>
      <Classes />
    </Module>
    <Module skippedDueTo="Filter" hash="43-C4-CD-E8-C4-F2-D3-78-D4-D7-85-25-2D-DF-A7-4F-97-BA-73-4E">
      <FullName>C:\Program Files (x86)\Microsoft Visual Studio 12.0\Common7\IDE\CommonExtensions\Microsoft\TestWindow\Extensions\Microsoft.VisualStudio.TestPlatform.Extensions.MSAppContainerAdapter.dll</FullName>
      <ModuleName>Microsoft.VisualStudio.TestPlatform.Extensions.MSAppContainerAdapter</ModuleName>
      <Classes />
    </Module>
    <Module skippedDueTo="Filter" hash="93-85-52-65-9F-0F-6F-E4-5D-FD-CB-29-DD-97-41-01-BC-4D-0D-A3">
      <FullName>C:\Program Files (x86)\Microsoft Visual Studio 12.0\Common7\IDE\CommonExtensions\Microsoft\TestWindow\Extensions\Microsoft.VisualStudio.TestPlatform.UnitTestFramework.dll</FullName>
      <ModuleName>Microsoft.VisualStudio.TestPlatform.UnitTestFramework</ModuleName>
      <Classes />
    </Module>
    <Module skippedDueTo="Filter" hash="69-0D-AC-4D-B4-54-59-DE-D5-3C-B6-40-C4-E6-88-FF-51-02-DE-3A">
      <FullName>C:\Program Files (x86)\Microsoft Visual Studio 12.0\Common7\IDE\CommonExtensions\Microsoft\TestWindow\Extensions\Microsoft.VisualStudio.TestPlatform.Extensions.OrderedTestAdapter.dll</FullName>
      <ModuleName>Microsoft.VisualStudio.TestPlatform.Extensions.OrderedTestAdapter</ModuleName>
      <Classes />
    </Module>
    <Module skippedDueTo="Filter" hash="99-71-41-AC-91-88-1B-A5-A7-8E-4C-A2-DB-46-F5-D9-A3-35-4C-E4">
      <FullName>C:\Program Files (x86)\Microsoft Visual Studio 12.0\Common7\IDE\CommonExtensions\Microsoft\TestWindow\Extensions\Microsoft.VisualStudio.TestPlatform.Extensions.TfsLogger.dll</FullName>
      <ModuleName>Microsoft.VisualStudio.TestPlatform.Extensions.TfsLogger</ModuleName>
      <Classes />
    </Module>
    <Module skippedDueTo="Filter" hash="33-9A-90-8B-2F-81-97-7B-09-0C-A7-1A-6A-F0-E5-6A-CF-49-E5-75">
      <FullName>C:\Program Files (x86)\Microsoft Visual Studio 12.0\Common7\IDE\CommonExtensions\Microsoft\TestWindow\Extensions\Microsoft.VisualStudio.TestPlatform.Extensions.TmiAdapter.dll</FullName>
      <ModuleName>Microsoft.VisualStudio.TestPlatform.Extensions.TmiAdapter</ModuleName>
      <Classes />
    </Module>
    <Module skippedDueTo="Filter" hash="A2-3A-9A-4F-DD-EA-BC-71-DF-1F-65-A1-9C-D8-29-3C-90-81-69-97">
      <FullName>C:\WINDOWS\assembly\GAC_MSIL\Microsoft.VisualStudio.QualityTools.Common\12.0.0.0__b03f5f7f11d50a3a\Microsoft.VisualStudio.QualityTools.Common.dll</FullName>
      <ModuleName>Microsoft.VisualStudio.QualityTools.Common</ModuleName>
      <Classes />
    </Module>
    <Module skippedDueTo="Filter" hash="89-3B-C3-FB-2F-00-D2-68-CE-38-0D-51-B0-78-09-48-36-31-7E-A9">
      <FullName>C:\Program Files (x86)\Microsoft Visual Studio 12.0\Common7\IDE\CommonExtensions\Microsoft\TestWindow\Extensions\Microsoft.VisualStudio.TestPlatform.Extensions.TrxLogger.dll</FullName>
      <ModuleName>Microsoft.VisualStudio.TestPlatform.Extensions.TrxLogger</ModuleName>
      <Classes />
    </Module>
    <Module skippedDueTo="Filter" hash="BE-36-55-98-98-E2-83-B0-7F-1A-5B-46-88-B0-27-CC-66-3C-0D-A3">
      <FullName>C:\Program Files (x86)\Microsoft Visual Studio 12.0\Common7\IDE\CommonExtensions\Microsoft\TestWindow\Extensions\Microsoft.VisualStudio.TestPlatform.Extensions.VSTestIntegration.dll</FullName>
      <ModuleName>Microsoft.VisualStudio.TestPlatform.Extensions.VSTestIntegration</ModuleName>
      <Classes />
    </Module>
    <Module skippedDueTo="Filter" hash="B6-BE-C7-09-6A-69-79-02-C4-B3-2E-2E-B9-3D-72-09-BB-84-01-6E">
      <FullName>C:\WINDOWS\assembly\GAC_MSIL\Microsoft.VisualStudio.QualityTools.UnitTestFramework\10.0.0.0__b03f5f7f11d50a3a\Microsoft.VisualStudio.QualityTools.UnitTestFramework.dll</FullName>
      <ModuleName>Microsoft.VisualStudio.QualityTools.UnitTestFramework</ModuleName>
      <Classes />
    </Module>
    <Module skippedDueTo="Filter" hash="B6-92-70-2B-74-74-8B-7D-92-C2-67-1D-CA-15-D4-44-41-B2-4E-15">
      <FullName>C:\WINDOWS\Microsoft.Net\assembly\GAC_32\System.Data\v4.0_4.0.0.0__b77a5c561934e089\System.Data.dll</FullName>
      <ModuleName>System.Data</ModuleName>
      <Classes />
    </Module>
    <Module skippedDueTo="Filter" hash="47-E0-71-7A-71-73-8A-74-ED-67-A4-2E-2D-FC-DF-E5-71-84-BB-70">
      <FullName>C:\Program Files (x86)\Microsoft Visual Studio 12.0\Common7\IDE\CommonExtensions\Microsoft\TestWindow\Extensions\Microsoft.VisualStudio.TestTools.CppUnitTestFramework.ComInterfaces.dll</FullName>
      <ModuleName>Microsoft.VisualStudio.TestTools.CppUnitTestFramework.ComInterfaces</ModuleName>
      <Classes />
    </Module>
    <Module skippedDueTo="Filter" hash="05-85-6C-E2-56-69-E3-16-5E-B3-FF-51-8F-E0-36-DE-4F-BC-AE-80">
      <FullName>C:\Program Files (x86)\Microsoft Visual Studio 12.0\Common7\IDE\CommonExtensions\Microsoft\TestWindow\Extensions\Microsoft.VisualStudio.TestTools.CppUnitTestFramework.CppUnitTestExtension.dll</FullName>
      <ModuleName>Microsoft.VisualStudio.TestTools.CppUnitTestFramework.CppUnitTestExtension</ModuleName>
      <Classes />
    </Module>
    <Module skippedDueTo="Filter" hash="84-9B-F7-04-9C-92-84-02-35-3C-D0-A0-4F-22-DB-92-7F-85-D4-E4">
      <FullName>C:\WINDOWS\Microsoft.Net\assembly\GAC_MSIL\SMDiagnostics\v4.0_4.0.0.0__b77a5c561934e089\SMDiagnostics.dll</FullName>
      <ModuleName>SMDiagnostics</ModuleName>
      <Classes />
    </Module>
    <Module skippedDueTo="Filter" hash="">
      <FullName>RefEmit_InMemoryManifestModule</FullName>
      <ModuleName>MetadataViewProxies_763a466d-fb78-4edb-94ce-2cdcad4c4d74</ModuleName>
      <Classes />
    </Module>
    <Module skippedDueTo="Filter" hash="CD-B3-17-56-CA-2B-DF-F1-86-B3-80-6C-CA-87-A1-BD-64-B6-30-0C">
      <FullName>C:\Program Files (x86)\Microsoft Visual Studio 12.0\Common7\IDE\CommonExtensions\Microsoft\TestWindow\Microsoft.VisualStudio.TestPlatform.ObjectModel.dll</FullName>
      <ModuleName>Microsoft.VisualStudio.TestPlatform.ObjectModel</ModuleName>
      <Classes />
    </Module>
    <Module skippedDueTo="Filter" hash="D5-D6-68-01-25-CD-3E-45-0C-E3-95-66-C0-3B-BE-98-B8-68-1B-DF">
      <FullName>D:\dev\vs2013\RomanNumbersCalculator\RomanNumbersCalculator.Tests\bin\Debug\RomanNumbersCalculator.Tests.dll</FullName>
      <ModuleName>RomanNumbersCalculator.Tests</ModuleName>
      <Classes />
    </Module>
    <Module skippedDueTo="Filter" hash="4C-91-16-51-E3-B0-AF-37-F6-72-1B-70-BF-AE-79-75-9A-E0-50-76">
      <FullName>C:\Program Files (x86)\Microsoft Visual Studio 12.0\Common7\IDE\CommonExtensions\Microsoft\TestWindow\Microsoft.VisualStudio.TestPlatform.Utilities.AppContainer.dll</FullName>
      <ModuleName>Microsoft.VisualStudio.TestPlatform.Utilities.AppContainer</ModuleName>
      <Classes />
    </Module>
    <Module skippedDueTo="Filter" hash="CD-B3-17-56-CA-2B-DF-F1-86-B3-80-6C-CA-87-A1-BD-64-B6-30-0C">
      <FullName>C:\Program Files (x86)\Microsoft Visual Studio 12.0\Common7\IDE\CommonExtensions\Microsoft\TestWindow\Microsoft.VisualStudio.TestPlatform.ObjectModel.dll</FullName>
      <ModuleName>Microsoft.VisualStudio.TestPlatform.ObjectModel</ModuleName>
      <Classes />
    </Module>
    <Module skippedDueTo="Filter" hash="D5-D6-68-01-25-CD-3E-45-0C-E3-95-66-C0-3B-BE-98-B8-68-1B-DF">
      <FullName>D:\dev\vs2013\RomanNumbersCalculator\RomanNumbersCalculator.Tests\bin\Debug\RomanNumbersCalculator.Tests.dll</FullName>
      <ModuleName>RomanNumbersCalculator.Tests</ModuleName>
      <Classes />
    </Module>
    <Module skippedDueTo="Filter" hash="CD-B3-17-56-CA-2B-DF-F1-86-B3-80-6C-CA-87-A1-BD-64-B6-30-0C">
      <FullName>C:\Program Files (x86)\Microsoft Visual Studio 12.0\Common7\IDE\CommonExtensions\Microsoft\TestWindow\Microsoft.VisualStudio.TestPlatform.ObjectModel.dll</FullName>
      <ModuleName>Microsoft.VisualStudio.TestPlatform.ObjectModel</ModuleName>
      <Classes />
    </Module>
    <Module skippedDueTo="Filter" hash="D5-D6-68-01-25-CD-3E-45-0C-E3-95-66-C0-3B-BE-98-B8-68-1B-DF">
      <FullName>D:\dev\vs2013\RomanNumbersCalculator\RomanNumbersCalculator.Tests\bin\Debug\RomanNumbersCalculator.Tests.dll</FullName>
      <ModuleName>RomanNumbersCalculator.Tests</ModuleName>
      <Classes />
    </Module>
    <Module skippedDueTo="Filter" hash="CD-B3-17-56-CA-2B-DF-F1-86-B3-80-6C-CA-87-A1-BD-64-B6-30-0C">
      <FullName>C:\Program Files (x86)\Microsoft Visual Studio 12.0\Common7\IDE\CommonExtensions\Microsoft\TestWindow\Microsoft.VisualStudio.TestPlatform.ObjectModel.dll</FullName>
      <ModuleName>Microsoft.VisualStudio.TestPlatform.ObjectModel</ModuleName>
      <Classes />
    </Module>
    <Module skippedDueTo="Filter" hash="79-DD-49-29-A6-8C-BD-B2-DD-EB-1F-29-44-27-B0-62-83-FC-28-5B">
      <FullName>C:\WINDOWS\Microsoft.Net\assembly\GAC_MSIL\System\v4.0_4.0.0.0__b77a5c561934e089\System.dll</FullName>
      <ModuleName>System</ModuleName>
      <Classes />
    </Module>
    <Module skippedDueTo="Filter" hash="BE-36-55-98-98-E2-83-B0-7F-1A-5B-46-88-B0-27-CC-66-3C-0D-A3">
      <FullName>C:\Program Files (x86)\Microsoft Visual Studio 12.0\Common7\IDE\CommonExtensions\Microsoft\TestWindow\Extensions\Microsoft.VisualStudio.TestPlatform.Extensions.VSTestIntegration.dll</FullName>
      <ModuleName>Microsoft.VisualStudio.TestPlatform.Extensions.VSTestIntegration</ModuleName>
      <Classes />
    </Module>
    <Module skippedDueTo="Filter" hash="D5-D6-68-01-25-CD-3E-45-0C-E3-95-66-C0-3B-BE-98-B8-68-1B-DF">
      <FullName>D:\dev\vs2013\RomanNumbersCalculator\RomanNumbersCalculator.Tests\bin\Debug\RomanNumbersCalculator.Tests.dll</FullName>
      <ModuleName>RomanNumbersCalculator.Tests</ModuleName>
      <Classes />
    </Module>
    <Module skippedDueTo="Filter" hash="B6-BE-C7-09-6A-69-79-02-C4-B3-2E-2E-B9-3D-72-09-BB-84-01-6E">
      <FullName>C:\WINDOWS\assembly\GAC_MSIL\Microsoft.VisualStudio.QualityTools.UnitTestFramework\10.0.0.0__b03f5f7f11d50a3a\Microsoft.VisualStudio.QualityTools.UnitTestFramework.dll</FullName>
      <ModuleName>Microsoft.VisualStudio.QualityTools.UnitTestFramework</ModuleName>
      <Classes />
    </Module>
    <Module skippedDueTo="Filter" hash="43-0F-9E-14-71-13-7F-E2-26-11-26-04-62-4A-0E-92-1F-0F-04-20">
      <FullName>C:\WINDOWS\Microsoft.Net\assembly\GAC_MSIL\System.Core\v4.0_4.0.0.0__b77a5c561934e089\System.Core.dll</FullName>
      <ModuleName>System.Core</ModuleName>
      <Classes />
    </Module>
    <Module hash="02-D7-7A-23-1B-EB-76-2C-39-B9-DF-53-EB-24-6E-30-99-47-99-FA">
      <Summary numSequencePoints="77" visitedSequencePoints="77" numBranchPoints="40" visitedBranchPoints="38" sequenceCoverage="100" branchCoverage="95" maxCyclomaticComplexity="9" minCyclomaticComplexity="0" />
      <FullName>D:\dev\vs2013\RomanNumbersCalculator\RomanNumbersCalculator.Tests\bin\Debug\RomanNumbersCalculator.BL.dll</FullName>
      <ModuleName>RomanNumbersCalculator.BL</ModuleName>
      <Files>
        <File uid="1" fullPath="d:\dev\vs2013\RomanNumbersCalculator\RomanNumbersCalculator.BL\Exceptions\ArabicNumberOutOfRomanNumberRangeException.cs" />
        <File uid="2" fullPath="d:\dev\vs2013\RomanNumbersCalculator\RomanNumbersCalculator.BL\Exceptions\InvalidRomanNumberFormatException.cs" />
        <File uid="3" fullPath="d:\dev\vs2013\RomanNumbersCalculator\RomanNumbersCalculator.BL\RomanArabicConverter.cs" />
      </Files>
      <Classes>
        <Class>
          <Summary numSequencePoints="0" visitedSequencePoints="0" numBranchPoints="0" visitedBranchPoints="0" sequenceCoverage="0" branchCoverage="0" maxCyclomaticComplexity="0" minCyclomaticComplexity="0" />
          <FullName>&lt;Module&gt;</FullName>
          <Methods />
        </Class>
        <Class>
          <Summary numSequencePoints="3" visitedSequencePoints="3" numBranchPoints="1" visitedBranchPoints="1" sequenceCoverage="100" branchCoverage="100" maxCyclomaticComplexity="1" minCyclomaticComplexity="1" />
          <FullName>RomanNumbersCalculator.BL.Exceptions.ArabicNumberOutOfRomanNumberRangeException</FullName>
          <Methods>
            <Method visited="true" cyclomaticComplexity="1" sequenceCoverage="100" branchCoverage="100" isConstructor="true" isStatic="false" isGetter="false" isSetter="false">
              <Summary numSequencePoints="3" visitedSequencePoints="3" numBranchPoints="1" visitedBranchPoints="1" sequenceCoverage="100" branchCoverage="100" maxCyclomaticComplexity="1" minCyclomaticComplexity="1" />
              <MetadataToken>100663297</MetadataToken>
              <Name>System.Void RomanNumbersCalculator.BL.Exceptions.ArabicNumberOutOfRomanNumberRangeException::.ctor(System.Int32)</Name>
              <FileRef uid="1" />
              <SequencePoints>
                <SequencePoint vc="2" uspid="1" ordinal="0" offset="0" sl="9" sc="9" el="10" ec="80" bec="0" bev="0" fileid="1" />
                <SequencePoint vc="2" uspid="2" ordinal="1" offset="23" sl="11" sc="9" el="11" ec="10" bec="0" bev="0" fileid="1" />
                <SequencePoint vc="2" uspid="3" ordinal="2" offset="24" sl="12" sc="9" el="12" ec="10" bec="0" bev="0" fileid="1" />
              </SequencePoints>
              <BranchPoints />
              <MethodPoint xsi:type="SequencePoint" vc="2" uspid="1" ordinal="0" offset="0" sl="9" sc="9" el="10" ec="80" bec="0" bev="0" fileid="1" />
            </Method>
          </Methods>
        </Class>
        <Class>
          <Summary numSequencePoints="3" visitedSequencePoints="3" numBranchPoints="1" visitedBranchPoints="1" sequenceCoverage="100" branchCoverage="100" maxCyclomaticComplexity="1" minCyclomaticComplexity="1" />
          <FullName>RomanNumbersCalculator.BL.Exceptions.InvalidRomanNumberFormatException</FullName>
          <Methods>
            <Method visited="true" cyclomaticComplexity="1" sequenceCoverage="100" branchCoverage="100" isConstructor="true" isStatic="false" isGetter="false" isSetter="false">
              <Summary numSequencePoints="3" visitedSequencePoints="3" numBranchPoints="1" visitedBranchPoints="1" sequenceCoverage="100" branchCoverage="100" maxCyclomaticComplexity="1" minCyclomaticComplexity="1" />
              <MetadataToken>100663298</MetadataToken>
              <Name>System.Void RomanNumbersCalculator.BL.Exceptions.InvalidRomanNumberFormatException::.ctor(System.String)</Name>
              <FileRef uid="2" />
              <SequencePoints>
                <SequencePoint vc="3" uspid="4" ordinal="0" offset="0" sl="7" sc="9" el="8" ec="28" bec="0" bev="0" fileid="2" />
                <SequencePoint vc="3" uspid="5" ordinal="1" offset="8" sl="9" sc="9" el="9" ec="10" bec="0" bev="0" fileid="2" />
                <SequencePoint vc="3" uspid="6" ordinal="2" offset="9" sl="11" sc="9" el="11" ec="10" bec="0" bev="0" fileid="2" />
              </SequencePoints>
              <BranchPoints />
              <MethodPoint xsi:type="SequencePoint" vc="3" uspid="4" ordinal="0" offset="0" sl="7" sc="9" el="8" ec="28" bec="0" bev="0" fileid="2" />
            </Method>
          </Methods>
        </Class>
        <Class>
          <Summary numSequencePoints="71" visitedSequencePoints="71" numBranchPoints="38" visitedBranchPoints="36" sequenceCoverage="100" branchCoverage="94.74" maxCyclomaticComplexity="9" minCyclomaticComplexity="1" />
          <FullName>RomanNumbersCalculator.BL.RomanArabicConverter</FullName>
          <Methods>
            <Method visited="true" cyclomaticComplexity="1" sequenceCoverage="100" branchCoverage="100" isConstructor="true" isStatic="false" isGetter="false" isSetter="false">
              <Summary numSequencePoints="4" visitedSequencePoints="4" numBranchPoints="1" visitedBranchPoints="1" sequenceCoverage="100" branchCoverage="100" maxCyclomaticComplexity="1" minCyclomaticComplexity="1" />
              <MetadataToken>100663299</MetadataToken>
              <Name>System.Void RomanNumbersCalculator.BL.RomanArabicConverter::.ctor()</Name>
              <FileRef uid="3" />
              <SequencePoints>
                <SequencePoint vc="11" uspid="7" ordinal="0" offset="0" sl="11" sc="9" el="11" ec="38" bec="0" bev="0" fileid="3" />
                <SequencePoint vc="11" uspid="8" ordinal="1" offset="7" sl="12" sc="9" el="12" ec="10" bec="0" bev="0" fileid="3" />
                <SequencePoint vc="11" uspid="9" ordinal="2" offset="8" sl="13" sc="13" el="13" ec="42" bec="0" bev="0" fileid="3" />
                <SequencePoint vc="11" uspid="10" ordinal="3" offset="15" sl="14" sc="9" el="14" ec="10" bec="0" bev="0" fileid="3" />
              </SequencePoints>
              <BranchPoints />
              <MethodPoint xsi:type="SequencePoint" vc="11" uspid="7" ordinal="0" offset="0" sl="11" sc="9" el="11" ec="38" bec="0" bev="0" fileid="3" />
            </Method>
            <Method visited="true" cyclomaticComplexity="7" sequenceCoverage="100" branchCoverage="100" isConstructor="false" isStatic="false" isGetter="false" isSetter="false">
              <Summary numSequencePoints="33" visitedSequencePoints="33" numBranchPoints="13" visitedBranchPoints="13" sequenceCoverage="100" branchCoverage="100" maxCyclomaticComplexity="7" minCyclomaticComplexity="7" />
              <MetadataToken>100663300</MetadataToken>
              <Name>System.Int32 RomanNumbersCalculator.BL.RomanArabicConverter::ToArabic(System.String)</Name>
              <FileRef uid="3" />
              <SequencePoints>
                <SequencePoint vc="6" uspid="11" ordinal="0" offset="0" sl="17" sc="9" el="17" ec="10" bec="0" bev="0" fileid="3" />
                <SequencePoint vc="6" uspid="12" ordinal="1" offset="1" sl="18" sc="13" el="18" ec="51" bec="2" bev="2" fileid="3" />
                <SequencePoint vc="1" uspid="13" ordinal="2" offset="16" sl="19" sc="17" el="19" ec="83" bec="0" bev="0" fileid="3" />
                <SequencePoint vc="5" uspid="14" ordinal="3" offset="27" sl="21" sc="13" el="21" ec="49" bec="0" bev="0" fileid="3" />
                <SequencePoint vc="5" uspid="15" ordinal="4" offset="35" sl="22" sc="13" el="22" ec="40" bec="0" bev="0" fileid="3" />
                <SequencePoint vc="5" uspid="16" ordinal="5" offset="37" sl="23" sc="13" el="23" ec="36" bec="0" bev="0" fileid="3" />
                <SequencePoint vc="20" uspid="17" ordinal="6" offset="44" sl="26" sc="13" el="26" ec="14" bec="0" bev="0" fileid="3" />
                <SequencePoint vc="20" uspid="18" ordinal="7" offset="45" sl="27" sc="17" el="27" ec="63" bec="0" bev="0" fileid="3" />
                <SequencePoint vc="20" uspid="19" ordinal="8" offset="53" sl="28" sc="17" el="28" ec="77" bec="0" bev="0" fileid="3" />
                <SequencePoint vc="20" uspid="20" ordinal="9" offset="61" sl="30" sc="17" el="30" ec="47" bec="2" bev="2" fileid="3" />
                <SequencePoint vc="1" uspid="21" ordinal="10" offset="74" sl="31" sc="21" el="31" ec="119" bec="0" bev="0" fileid="3" />
                <SequencePoint vc="19" uspid="22" ordinal="11" offset="96" sl="33" sc="17" el="33" ec="34" bec="0" bev="0" fileid="3" />
                <SequencePoint vc="19" uspid="23" ordinal="12" offset="100" sl="34" sc="17" el="34" ec="58" bec="2" bev="2" fileid="3" />
                <SequencePoint vc="3" uspid="24" ordinal="13" offset="118" sl="35" sc="17" el="35" ec="18" bec="0" bev="0" fileid="3" />
                <SequencePoint vc="3" uspid="25" ordinal="14" offset="119" sl="36" sc="21" el="36" ec="65" bec="0" bev="0" fileid="3" />
                <SequencePoint vc="3" uspid="26" ordinal="15" offset="123" sl="37" sc="17" el="37" ec="18" bec="0" bev="0" fileid="3" />
                <SequencePoint vc="16" uspid="27" ordinal="16" offset="126" sl="39" sc="17" el="39" ec="18" bec="0" bev="0" fileid="3" />
                <SequencePoint vc="16" uspid="28" ordinal="17" offset="127" sl="40" sc="21" el="40" ec="101" bec="0" bev="0" fileid="3" />
                <SequencePoint vc="16" uspid="29" ordinal="18" offset="142" sl="42" sc="21" el="42" ec="75" bec="2" bev="2" fileid="3" />
                <SequencePoint vc="2" uspid="30" ordinal="19" offset="156" sl="43" sc="21" el="43" ec="22" bec="0" bev="0" fileid="3" />
                <SequencePoint vc="2" uspid="31" ordinal="20" offset="157" sl="44" sc="25" el="44" ec="99" bec="0" bev="0" fileid="3" />
                <SequencePoint vc="2" uspid="32" ordinal="21" offset="164" sl="45" sc="25" el="45" ec="42" bec="0" bev="0" fileid="3" />
                <SequencePoint vc="2" uspid="33" ordinal="22" offset="168" sl="46" sc="21" el="46" ec="22" bec="0" bev="0" fileid="3" />
                <SequencePoint vc="14" uspid="34" ordinal="23" offset="171" sl="48" sc="21" el="48" ec="22" bec="0" bev="0" fileid="3" />
                <SequencePoint vc="14" uspid="35" ordinal="24" offset="172" sl="49" sc="25" el="49" ec="69" bec="0" bev="0" fileid="3" />
                <SequencePoint vc="14" uspid="36" ordinal="25" offset="176" sl="50" sc="21" el="50" ec="22" bec="0" bev="0" fileid="3" />
                <SequencePoint vc="16" uspid="37" ordinal="26" offset="177" sl="51" sc="17" el="51" ec="18" bec="0" bev="0" fileid="3" />
                <SequencePoint vc="19" uspid="38" ordinal="27" offset="178" sl="53" sc="13" el="53" ec="14" bec="0" bev="0" fileid="3" />
                <SequencePoint vc="24" uspid="39" ordinal="28" offset="179" sl="25" sc="13" el="25" ec="56" bec="2" bev="2" fileid="3" />
                <SequencePoint vc="4" uspid="40" ordinal="29" offset="197" sl="55" sc="13" el="55" ec="43" bec="2" bev="2" fileid="3" />
                <SequencePoint vc="1" uspid="41" ordinal="30" offset="214" sl="56" sc="17" el="56" ec="105" bec="0" bev="0" fileid="3" />
                <SequencePoint vc="3" uspid="42" ordinal="31" offset="225" sl="58" sc="13" el="58" ec="39" bec="0" bev="0" fileid="3" />
                <SequencePoint vc="3" uspid="43" ordinal="32" offset="230" sl="59" sc="9" el="59" ec="10" bec="0" bev="0" fileid="3" />
              </SequencePoints>
              <BranchPoints>
                <BranchPoint vc="1" uspid="44" ordinal="0" offset="14" path="0" offsetchain="" offsetend="16" />
                <BranchPoint vc="5" uspid="45" ordinal="1" offset="14" path="1" offsetchain="" offsetend="27" />
                <BranchPoint vc="1" uspid="46" ordinal="2" offset="72" path="0" offsetchain="" offsetend="74" />
                <BranchPoint vc="19" uspid="47" ordinal="3" offset="72" path="1" offsetchain="" offsetend="96" />
                <BranchPoint vc="3" uspid="48" ordinal="4" offset="116" path="0" offsetchain="" offsetend="118" />
                <BranchPoint vc="16" uspid="49" ordinal="5" offset="116" path="1" offsetchain="" offsetend="126" />
                <BranchPoint vc="2" uspid="50" ordinal="6" offset="154" path="0" offsetchain="" offsetend="156" />
                <BranchPoint vc="14" uspid="51" ordinal="7" offset="154" path="1" offsetchain="" offsetend="171" />
                <BranchPoint vc="4" uspid="52" ordinal="8" offset="192" path="0" offsetchain="" offsetend="197" />
                <BranchPoint vc="20" uspid="53" ordinal="9" offset="192" path="1" offsetchain="" offsetend="44" />
                <BranchPoint vc="1" uspid="54" ordinal="10" offset="212" path="0" offsetchain="" offsetend="214" />
                <BranchPoint vc="3" uspid="55" ordinal="11" offset="212" path="1" offsetchain="" offsetend="225" />
              </BranchPoints>
              <MethodPoint xsi:type="SequencePoint" vc="6" uspid="11" ordinal="0" offset="0" sl="17" sc="9" el="17" ec="10" bec="0" bev="0" fileid="3" />
            </Method>
            <Method visited="true" cyclomaticComplexity="5" sequenceCoverage="100" branchCoverage="100" isConstructor="false" isStatic="false" isGetter="false" isSetter="false">
              <Summary numSequencePoints="19" visitedSequencePoints="19" numBranchPoints="9" visitedBranchPoints="9" sequenceCoverage="100" branchCoverage="100" maxCyclomaticComplexity="5" minCyclomaticComplexity="5" />
              <MetadataToken>100663301</MetadataToken>
              <Name>System.String RomanNumbersCalculator.BL.RomanArabicConverter::ToRoman(System.Int32)</Name>
              <FileRef uid="3" />
              <SequencePoints>
                <SequencePoint vc="5" uspid="56" ordinal="0" offset="0" sl="62" sc="9" el="62" ec="10" bec="0" bev="0" fileid="3" />
                <SequencePoint vc="5" uspid="57" ordinal="1" offset="1" sl="63" sc="13" el="63" ec="34" bec="2" bev="2" fileid="3" />
                <SequencePoint vc="1" uspid="58" ordinal="2" offset="14" sl="64" sc="17" el="64" ec="84" bec="0" bev="0" fileid="3" />
                <SequencePoint vc="4" uspid="59" ordinal="3" offset="21" sl="65" sc="13" el="65" ec="37" bec="2" bev="2" fileid="3" />
                <SequencePoint vc="1" uspid="60" ordinal="4" offset="38" sl="66" sc="17" el="66" ec="84" bec="0" bev="0" fileid="3" />
                <SequencePoint vc="3" uspid="61" ordinal="5" offset="45" sl="68" sc="13" el="68" ec="44" bec="0" bev="0" fileid="3" />
                <SequencePoint vc="3" uspid="62" ordinal="6" offset="51" sl="70" sc="13" el="70" ec="54" bec="0" bev="0" fileid="3" />
                <SequencePoint vc="3" uspid="63" ordinal="7" offset="53" sl="72" sc="18" el="72" ec="28" bec="0" bev="0" fileid="3" />
                <SequencePoint vc="39" uspid="64" ordinal="8" offset="57" sl="73" sc="13" el="73" ec="14" bec="0" bev="0" fileid="3" />
                <SequencePoint vc="15" uspid="65" ordinal="9" offset="60" sl="75" sc="17" el="75" ec="18" bec="0" bev="0" fileid="3" />
                <SequencePoint vc="15" uspid="66" ordinal="10" offset="61" sl="76" sc="21" el="76" ec="53" bec="0" bev="0" fileid="3" />
                <SequencePoint vc="15" uspid="67" ordinal="11" offset="76" sl="77" sc="21" el="77" ec="62" bec="0" bev="0" fileid="3" />
                <SequencePoint vc="15" uspid="68" ordinal="12" offset="87" sl="78" sc="17" el="78" ec="18" bec="0" bev="0" fileid="3" />
                <SequencePoint vc="54" uspid="69" ordinal="13" offset="88" sl="74" sc="17" el="74" ec="65" bec="2" bev="2" fileid="3" />
                <SequencePoint vc="39" uspid="70" ordinal="14" offset="108" sl="79" sc="13" el="79" ec="14" bec="0" bev="0" fileid="3" />
                <SequencePoint vc="39" uspid="71" ordinal="15" offset="109" sl="72" sc="54" el="72" ec="57" bec="0" bev="0" fileid="3" />
                <SequencePoint vc="42" uspid="72" ordinal="16" offset="113" sl="72" sc="29" el="72" ec="52" bec="2" bev="2" fileid="3" />
                <SequencePoint vc="3" uspid="73" ordinal="17" offset="130" sl="81" sc="13" el="81" ec="32" bec="0" bev="0" fileid="3" />
                <SequencePoint vc="3" uspid="74" ordinal="18" offset="134" sl="82" sc="9" el="82" ec="10" bec="0" bev="0" fileid="3" />
              </SequencePoints>
              <BranchPoints>
                <BranchPoint vc="1" uspid="75" ordinal="0" offset="12" path="0" offsetchain="" offsetend="14" />
                <BranchPoint vc="4" uspid="76" ordinal="1" offset="12" path="1" offsetchain="" offsetend="21" />
                <BranchPoint vc="1" uspid="77" ordinal="2" offset="36" path="0" offsetchain="" offsetend="38" />
                <BranchPoint vc="3" uspid="78" ordinal="3" offset="36" path="1" offsetchain="" offsetend="45" />
                <BranchPoint vc="39" uspid="79" ordinal="4" offset="106" path="0" offsetchain="" offsetend="108" />
                <BranchPoint vc="15" uspid="80" ordinal="5" offset="106" path="1" offsetchain="" offsetend="60" />
                <BranchPoint vc="3" uspid="81" ordinal="6" offset="128" path="0" offsetchain="" offsetend="130" />
                <BranchPoint vc="39" uspid="82" ordinal="7" offset="128" path="1" offsetchain="" offsetend="57" />
              </BranchPoints>
              <MethodPoint xsi:type="SequencePoint" vc="5" uspid="56" ordinal="0" offset="0" sl="62" sc="9" el="62" ec="10" bec="0" bev="0" fileid="3" />
            </Method>
            <Method visited="true" cyclomaticComplexity="1" sequenceCoverage="100" branchCoverage="100" isConstructor="false" isStatic="false" isGetter="false" isSetter="false">
              <Summary numSequencePoints="4" visitedSequencePoints="4" numBranchPoints="1" visitedBranchPoints="1" sequenceCoverage="100" branchCoverage="100" maxCyclomaticComplexity="1" minCyclomaticComplexity="1" />
              <MetadataToken>100663302</MetadataToken>
              <Name>System.Void RomanNumbersCalculator.BL.RomanArabicConverter::InitializeArabRomanNumbers()</Name>
              <FileRef uid="3" />
              <SequencePoints>
                <SequencePoint vc="11" uspid="83" ordinal="0" offset="0" sl="85" sc="9" el="85" ec="10" bec="0" bev="0" fileid="3" />
                <SequencePoint vc="11" uspid="84" ordinal="1" offset="1" sl="86" sc="13" el="86" ec="91" bec="0" bev="0" fileid="3" />
                <SequencePoint vc="11" uspid="85" ordinal="2" offset="25" sl="87" sc="13" el="87" ec="116" bec="0" bev="0" fileid="3" />
                <SequencePoint vc="11" uspid="86" ordinal="3" offset="148" sl="88" sc="9" el="88" ec="10" bec="0" bev="0" fileid="3" />
              </SequencePoints>
              <BranchPoints />
              <MethodPoint xsi:type="SequencePoint" vc="11" uspid="83" ordinal="0" offset="0" sl="85" sc="9" el="85" ec="10" bec="0" bev="0" fileid="3" />
            </Method>
            <Method visited="true" cyclomaticComplexity="9" sequenceCoverage="100" branchCoverage="85.71" isConstructor="false" isStatic="false" isGetter="false" isSetter="false">
              <Summary numSequencePoints="11" visitedSequencePoints="11" numBranchPoints="14" visitedBranchPoints="12" sequenceCoverage="100" branchCoverage="85.71" maxCyclomaticComplexity="9" minCyclomaticComplexity="9" />
              <MetadataToken>100663303</MetadataToken>
              <Name>System.Int32 RomanNumbersCalculator.BL.RomanArabicConverter::GetNumberForLetter(System.Char)</Name>
              <FileRef uid="3" />
              <SequencePoints>
                <SequencePoint vc="36" uspid="87" ordinal="0" offset="0" sl="91" sc="9" el="91" ec="10" bec="0" bev="0" fileid="3" />
                <SequencePoint vc="36" uspid="88" ordinal="1" offset="1" sl="92" sc="13" el="92" ec="28" bec="10" bev="10" fileid="3" />
                <SequencePoint vc="8" uspid="89" ordinal="2" offset="72" sl="94" sc="27" el="94" ec="36" bec="0" bev="0" fileid="3" />
                <SequencePoint vc="4" uspid="90" ordinal="3" offset="76" sl="95" sc="27" el="95" ec="36" bec="0" bev="0" fileid="3" />
                <SequencePoint vc="6" uspid="91" ordinal="4" offset="80" sl="96" sc="27" el="96" ec="37" bec="0" bev="0" fileid="3" />
                <SequencePoint vc="1" uspid="92" ordinal="5" offset="85" sl="97" sc="27" el="97" ec="37" bec="0" bev="0" fileid="3" />
                <SequencePoint vc="3" uspid="93" ordinal="6" offset="90" sl="98" sc="27" el="98" ec="38" bec="0" bev="0" fileid="3" />
                <SequencePoint vc="2" uspid="94" ordinal="7" offset="95" sl="99" sc="27" el="99" ec="38" bec="0" bev="0" fileid="3" />
                <SequencePoint vc="11" uspid="95" ordinal="8" offset="103" sl="100" sc="27" el="100" ec="39" bec="0" bev="0" fileid="3" />
                <SequencePoint vc="1" uspid="96" ordinal="9" offset="111" sl="101" sc="26" el="101" ec="36" bec="0" bev="0" fileid="3" />
                <SequencePoint vc="36" uspid="97" ordinal="10" offset="115" sl="103" sc="9" el="103" ec="10" bec="0" bev="0" fileid="3" />
              </SequencePoints>
              <BranchPoints>
                <BranchPoint vc="31" uspid="98" ordinal="0" offset="7" path="0" offsetchain="" offsetend="20" />
                <BranchPoint vc="3" uspid="99" ordinal="1" offset="7" path="1" offsetchain="" offsetend="90" />
                <BranchPoint vc="2" uspid="100" ordinal="2" offset="7" path="2" offsetchain="" offsetend="95" />
                <BranchPoint vc="11" uspid="101" ordinal="3" offset="24" path="0" offsetchain="" offsetend="49" />
                <BranchPoint vc="8" uspid="102" ordinal="4" offset="24" path="1" offsetchain="" offsetend="72" />
                <BranchPoint vc="1" uspid="103" ordinal="5" offset="24" path="2" offsetchain="" offsetend="111" />
                <BranchPoint vc="0" uspid="104" ordinal="6" offset="24" path="3" offsetchain="" offsetend="111" />
                <BranchPoint vc="1" uspid="105" ordinal="7" offset="24" path="4" offsetchain="" offsetend="85" />
                <BranchPoint vc="11" uspid="106" ordinal="8" offset="24" path="5" offsetchain="" offsetend="103" />
                <BranchPoint vc="1" uspid="107" ordinal="9" offset="53" path="0" offsetchain="70" offsetend="111" />
                <BranchPoint vc="4" uspid="108" ordinal="10" offset="53" path="1" offsetchain="" offsetend="76" />
                <BranchPoint vc="0" uspid="109" ordinal="11" offset="53" path="2" offsetchain="" offsetend="111" />
                <BranchPoint vc="6" uspid="110" ordinal="12" offset="53" path="3" offsetchain="" offsetend="80" />
              </BranchPoints>
              <MethodPoint xsi:type="SequencePoint" vc="36" uspid="87" ordinal="0" offset="0" sl="91" sc="9" el="91" ec="10" bec="0" bev="0" fileid="3" />
            </Method>
          </Methods>
        </Class>
        <Class>
          <Summary numSequencePoints="0" visitedSequencePoints="0" numBranchPoints="0" visitedBranchPoints="0" sequenceCoverage="0" branchCoverage="0" maxCyclomaticComplexity="0" minCyclomaticComplexity="0" />
          <FullName>&lt;PrivateImplementationDetails&gt;{83B0BF45-7DD4-4E0F-88FA-CF2A9B14EA4F}</FullName>
          <Methods />
        </Class>
      </Classes>
    </Module>
    <Module skippedDueTo="Filter" hash="50-D1-2E-18-09-00-96-D1-E5-5F-62-09-93-83-51-58-1F-78-2C-D9">
      <FullName>C:\Program Files (x86)\Microsoft Visual Studio 12.0\Common7\IDE\CommonExtensions\Microsoft\TestWindow\msdia120typelib_clr0200.dll</FullName>
      <ModuleName>msdia120typelib_clr0200</ModuleName>
      <Classes />
    </Module>
    <Module skippedDueTo="Filter" hash="CD-B3-17-56-CA-2B-DF-F1-86-B3-80-6C-CA-87-A1-BD-64-B6-30-0C">
      <FullName>C:\Program Files (x86)\Microsoft Visual Studio 12.0\Common7\IDE\CommonExtensions\Microsoft\TestWindow\Microsoft.VisualStudio.TestPlatform.ObjectModel.dll</FullName>
      <ModuleName>Microsoft.VisualStudio.TestPlatform.ObjectModel</ModuleName>
      <Classes />
    </Module>
    <Module skippedDueTo="Filter" hash="BE-36-55-98-98-E2-83-B0-7F-1A-5B-46-88-B0-27-CC-66-3C-0D-A3">
      <FullName>C:\Program Files (x86)\Microsoft Visual Studio 12.0\Common7\IDE\CommonExtensions\Microsoft\TestWindow\Extensions\Microsoft.VisualStudio.TestPlatform.Extensions.VSTestIntegration.dll</FullName>
      <ModuleName>Microsoft.VisualStudio.TestPlatform.Extensions.VSTestIntegration</ModuleName>
      <Classes />
    </Module>
    <Module skippedDueTo="Filter" hash="B6-92-70-2B-74-74-8B-7D-92-C2-67-1D-CA-15-D4-44-41-B2-4E-15">
      <FullName>C:\WINDOWS\Microsoft.Net\assembly\GAC_32\System.Data\v4.0_4.0.0.0__b77a5c561934e089\System.Data.dll</FullName>
      <ModuleName>System.Data</ModuleName>
      <Classes />
    </Module>
    <Module skippedDueTo="Filter" hash="D5-D6-68-01-25-CD-3E-45-0C-E3-95-66-C0-3B-BE-98-B8-68-1B-DF">
      <FullName>D:\dev\vs2013\RomanNumbersCalculator\RomanNumbersCalculator.Tests\bin\Debug\RomanNumbersCalculator.Tests.dll</FullName>
      <ModuleName>RomanNumbersCalculator.Tests</ModuleName>
      <Classes />
    </Module>
    <Module skippedDueTo="Filter" hash="B6-60-CE-70-25-03-8E-12-F0-FF-EB-DA-C8-94-AA-A9-02-DE-71-07">
      <FullName>C:\WINDOWS\Microsoft.Net\assembly\GAC_MSIL\System.Configuration\v4.0_4.0.0.0__b03f5f7f11d50a3a\System.Configuration.dll</FullName>
      <ModuleName>System.Configuration</ModuleName>
      <Classes />
    </Module>
    <Module skippedDueTo="Filter" hash="C9-BC-DF-73-A0-25-04-46-0C-54-0E-8A-45-29-C8-24-C8-0D-43-0D">
      <FullName>C:\WINDOWS\Microsoft.Net\assembly\GAC_MSIL\System.Xml\v4.0_4.0.0.0__b77a5c561934e089\System.Xml.dll</FullName>
      <ModuleName>System.Xml</ModuleName>
      <Classes />
    </Module>
    <Module skippedDueTo="Filter" hash="7E-D6-0C-5F-08-95-B3-B7-AE-9C-0F-24-97-E9-46-63-43-CF-F3-C3">
      <FullName>C:\Program Files (x86)\Microsoft Visual Studio 12.0\Common7\IDE\CommonExtensions\Microsoft\TestWindow\Extensions\CppUnitFramework\Microsoft.VisualStudio.TestTools.CppUnitTestFramework.TestEngine.dll</FullName>
      <ModuleName>Microsoft.VisualStudio.TestTools.CppUnitTestFramework.TestEngine</ModuleName>
      <Classes />
    </Module>
    <Module skippedDueTo="Filter" hash="49-FB-E6-5F-63-17-3F-47-76-D5-73-EE-00-1C-ED-B8-E9-ED-07-82">
      <FullName>C:\Program Files (x86)\Microsoft Visual Studio 12.0\Common7\IDE\CommonExtensions\Microsoft\TestWindow\Extensions\CppUnitFramework\Microsoft.VisualStudio.TestTools.CppUnitTestFramework.Discoverer.dll</FullName>
      <ModuleName>Microsoft.VisualStudio.TestTools.CppUnitTestFramework.Discoverer</ModuleName>
      <Classes />
    </Module>
  </Modules>
</CoverageSession>